#
# A fatal error has been detected by the Java Runtime Environment:
#
#  EXCEPTION_ACCESS_VIOLATION (0xc0000005) at pc=0x0000000068698855, pid=11280, tid=19260
#
# JRE version: Java(TM) SE Runtime Environment (8.0_65-b17) (build 1.8.0_65-b17)
# Java VM: Java HotSpot(TM) 64-Bit Server VM (25.65-b01 mixed mode windows-amd64 compressed oops)
# Problematic frame:
# V  [jvm.dll+0x128855]
#
# Failed to write core dump. Minidumps are not enabled by default on client versions of Windows
#
# If you would like to submit a bug report, please visit:
#   http://bugreport.java.com/bugreport/crash.jsp
#

---------------  T H R E A D  ---------------

Current thread (0x0000000018147000):  JavaThread "JDWP Transport Listener: dt_socket" daemon [_thread_in_vm, id=19260, stack(0x0000000019b20000,0x0000000019c20000)]

siginfo: ExceptionCode=0xc0000005, reading address 0xffffffffffffffff

Registers:
RAX=0x0000000019c1f901, RBX=0x0000000018147000, RCX=0x656469766f72702f, RDX=0x0000000000000000
RSP=0x0000000019c1f8f0, RBP=0x656469766f72702f, RSI=0x0000000019c1fa08, RDI=0x00000000034cbde0
R8 =0x0000000018147000, R9 =0x0000000000008000, R10=0x0000000000000000, R11=0x0000000019c1fb64
R12=0x0000000000000000, R13=0x00000000181516d8, R14=0x0000000000000000, R15=0x0000000000000000
RIP=0x0000000068698855, EFLAGS=0x0000000000010202

Top of Stack: (sp=0x0000000019c1f8f0)
0x0000000019c1f8f0:   0000000018147000 0000000018147000
0x0000000019c1f900:   0000000019c1f9b8 000000006889e19b
0x0000000019c1f910:   0000000018147000 00000000688ba9fd
0x0000000019c1f920:   0000000000000000 0000000069d39155
0x0000000019c1f930:   0000000022b9e0c0 0000000069d4291e
0x0000000019c1f940:   0000000018147000 0000000000000000
0x0000000019c1f950:   0000000000000000 0000000000000000
0x0000000019c1f960:   656469766f72702f 0000000069d41a15
0x0000000019c1f970:   0000000019c1fa08 0000000019c1f9e0
0x0000000019c1f980:   0000000000000001 0000000022b9e0c0
0x0000000019c1f990:   656469766f72702f 0000000069d253b3
0x0000000019c1f9a0:   0000000019c1fad0 0000000000000001
0x0000000019c1f9b0:   0000000000000001 0000000022b9e0c0
0x0000000019c1f9c0:   0000000000000001 0000000000000000
0x0000000019c1f9d0:   0000000000000000 0000000000000000
0x0000000019c1f9e0:   0000000000000001 0000000069d25571 

Instructions: (pc=0x0000000068698855)
0x0000000068698835:   cc cc cc cc cc cc cc cc cc cc cc 48 83 ec 28 48
0x0000000068698845:   85 c9 75 07 33 c0 48 83 c4 28 c3 48 89 5c 24 20
0x0000000068698855:   48 8b 19 48 85 db 74 20 48 83 fb 37 74 1a 48 8b
0x0000000068698865:   13 48 8b cb ff 52 10 84 c0 74 0d 48 8b c3 48 8b 


Register to memory mapping:

RAX=0x0000000019c1f901 is pointing into the stack for thread: 0x0000000018147000
RBX=0x0000000018147000 is a thread
RCX=0x656469766f72702f is an unknown value
RDX=0x0000000000000000 is an unknown value
RSP=0x0000000019c1f8f0 is pointing into the stack for thread: 0x0000000018147000
RBP=0x656469766f72702f is an unknown value
RSI=0x0000000019c1fa08 is pointing into the stack for thread: 0x0000000018147000
RDI=0x00000000034cbde0 is an unknown value
R8 =0x0000000018147000 is a thread
R9 =0x0000000000008000 is an unknown value
R10=0x0000000000000000 is an unknown value
R11=0x0000000019c1fb64 is pointing into the stack for thread: 0x0000000018147000
R12=0x0000000000000000 is an unknown value
R13=0x00000000181516d8 is an unknown value
R14=0x0000000000000000 is an unknown value
R15=0x0000000000000000 is an unknown value


Stack: [0x0000000019b20000,0x0000000019c20000],  sp=0x0000000019c1f8f0,  free space=1022k
Native frames: (J=compiled Java code, j=interpreted, Vv=VM code, C=native code)
V  [jvm.dll+0x128855]
V  [jvm.dll+0x34a9fd]
C  [jdwp.dll+0x21a15]
C  [jdwp.dll+0x53b3]
C  [jdwp.dll+0x5571]
C  [jdwp.dll+0xf0a8]
C  [jdwp.dll+0x1f2d5]
C  [jdwp.dll+0x1f4aa]
V  [jvm.dll+0x1bb8f8]
V  [jvm.dll+0x243144]
V  [jvm.dll+0x299f7a]
C  [msvcr100.dll+0x21d9f]
C  [msvcr100.dll+0x21e3b]
C  [KERNEL32.DLL+0x8364]
C  [ntdll.dll+0x670d1]


---------------  P R O C E S S  ---------------

Java Threads: ( => current thread )
  0x000000001b79c000 JavaThread "http-nio-1213-exec-10" daemon [_thread_blocked, id=18140, stack(0x000000002a8c0000,0x000000002a9c0000)]
  0x000000001b79b000 JavaThread "http-nio-1213-exec-9" daemon [_thread_blocked, id=13096, stack(0x000000002a7c0000,0x000000002a8c0000)]
  0x000000001b792000 JavaThread "http-nio-1213-exec-8" daemon [_thread_blocked, id=14552, stack(0x000000002a6c0000,0x000000002a7c0000)]
  0x000000001b798000 JavaThread "http-nio-1213-exec-7" daemon [_thread_blocked, id=12048, stack(0x000000002a5c0000,0x000000002a6c0000)]
  0x000000001b797800 JavaThread "http-nio-1213-exec-6" daemon [_thread_blocked, id=12024, stack(0x000000002a4c0000,0x000000002a5c0000)]
  0x000000001b796800 JavaThread "http-nio-1213-exec-5" daemon [_thread_blocked, id=13400, stack(0x000000002a140000,0x000000002a240000)]
  0x000000001b796000 JavaThread "http-nio-1213-exec-4" daemon [_thread_blocked, id=3908, stack(0x000000002a040000,0x000000002a140000)]
  0x000000001b790000 JavaThread "http-nio-1213-exec-3" daemon [_thread_blocked, id=12816, stack(0x0000000029f40000,0x000000002a040000)]
  0x000000001b794800 JavaThread "http-nio-1213-exec-2" daemon [_thread_blocked, id=380, stack(0x0000000029e40000,0x0000000029f40000)]
  0x000000001b793800 JavaThread "http-nio-1213-exec-1" daemon [_thread_blocked, id=3024, stack(0x0000000028d50000,0x0000000028e50000)]
  0x000000001b795000 JavaThread "DestroyJavaVM" [_thread_blocked, id=18172, stack(0x00000000033c0000,0x00000000034c0000)]
  0x000000001b793000 JavaThread "http-nio-1213-AsyncTimeout" daemon [_thread_blocked, id=12992, stack(0x0000000028c50000,0x0000000028d50000)]
  0x000000001b78f000 JavaThread "http-nio-1213-Acceptor-0" daemon [_thread_in_native, id=4044, stack(0x0000000028b50000,0x0000000028c50000)]
  0x000000001bc7f800 JavaThread "http-nio-1213-ClientPoller-1" daemon [_thread_in_native, id=5472, stack(0x00000000287e0000,0x00000000288e0000)]
  0x000000001bc83000 JavaThread "http-nio-1213-ClientPoller-0" daemon [_thread_in_native, id=5632, stack(0x00000000286e0000,0x00000000287e0000)]
  0x000000001bc82800 JavaThread "NioBlockingSelector.BlockPoller-1" daemon [_thread_in_native, id=17180, stack(0x00000000285e0000,0x00000000286e0000)]
  0x000000001bc7e800 JavaThread "pool-1-thread-1" [_thread_blocked, id=15648, stack(0x00000000284e0000,0x00000000285e0000)]
  0x000000001bc7e000 JavaThread "Live Reload Server" daemon [_thread_in_native, id=19052, stack(0x00000000283e0000,0x00000000284e0000)]
  0x000000001bc81800 JavaThread "container-0" [_thread_blocked, id=6332, stack(0x0000000024be0000,0x0000000024ce0000)]
  0x000000001bc80000 JavaThread "ContainerBackgroundProcessor[StandardEngine[Tomcat]]" daemon [_thread_blocked, id=9420, stack(0x00000000223d0000,0x00000000224d0000)]
  0x00000000238d3000 JavaThread "Abandoned connection cleanup thread" daemon [_thread_blocked, id=3028, stack(0x000000001f690000,0x000000001f790000)]
  0x000000001aa67800 JavaThread "RMI TCP Accept-0" daemon [_thread_in_native, id=16044, stack(0x000000001bff0000,0x000000001c0f0000)]
  0x000000001ae1e800 JavaThread "RMI TCP Accept-63398" daemon [_thread_in_native, id=10256, stack(0x000000001bef0000,0x000000001bff0000)]
  0x000000001ac4a800 JavaThread "RMI TCP Accept-0" daemon [_thread_in_native, id=14380, stack(0x000000001bdf0000,0x000000001bef0000)]
  0x000000001a16e000 JavaThread "Service Thread" daemon [_thread_blocked, id=12800, stack(0x000000001a520000,0x000000001a620000)]
  0x000000001816c000 JavaThread "C1 CompilerThread2" daemon [_thread_blocked, id=18412, stack(0x000000001a020000,0x000000001a120000)]
  0x000000001816b000 JavaThread "C2 CompilerThread1" daemon [_thread_blocked, id=10036, stack(0x0000000019f20000,0x000000001a020000)]
  0x0000000018165800 JavaThread "C2 CompilerThread0" daemon [_thread_blocked, id=13244, stack(0x0000000019e20000,0x0000000019f20000)]
  0x000000001815a000 JavaThread "JDWP Command Reader" daemon [_thread_in_native, id=11720, stack(0x0000000019d20000,0x0000000019e20000)]
  0x0000000018154800 JavaThread "JDWP Event Helper Thread" daemon [_thread_blocked, id=13152, stack(0x0000000019c20000,0x0000000019d20000)]
=>0x0000000018147000 JavaThread "JDWP Transport Listener: dt_socket" daemon [_thread_in_vm, id=19260, stack(0x0000000019b20000,0x0000000019c20000)]
  0x0000000018139800 JavaThread "Attach Listener" daemon [_thread_blocked, id=13808, stack(0x00000000196e0000,0x00000000197e0000)]
  0x0000000018138800 JavaThread "Signal Dispatcher" daemon [_thread_blocked, id=13208, stack(0x00000000195e0000,0x00000000196e0000)]
  0x00000000035bd800 JavaThread "Finalizer" daemon [_thread_blocked, id=15752, stack(0x0000000019380000,0x0000000019480000)]
  0x00000000035ba000 JavaThread "Reference Handler" daemon [_thread_blocked, id=9568, stack(0x0000000019280000,0x0000000019380000)]

Other Threads:
  0x00000000180f7000 VMThread [stack: 0x0000000019180000,0x0000000019280000] [id=5840]
  0x000000001aa68800 WatcherThread [stack: 0x000000001c0f0000,0x000000001c1f0000] [id=12208]

VM state:not at safepoint (normal execution)

VM Mutex/Monitor currently owned by a thread: None

Heap:
 PSYoungGen      total 462336K, used 161436K [0x00000000d5c00000, 0x00000000f3c80000, 0x0000000100000000)
  eden space 441856K, 36% used [0x00000000d5c00000,0x00000000df9a72b8,0x00000000f0b80000)
  from space 20480K, 0% used [0x00000000f1f80000,0x00000000f1f80000,0x00000000f3380000)
  to   space 20480K, 0% used [0x00000000f0b80000,0x00000000f0b80000,0x00000000f1f80000)
 ParOldGen       total 135168K, used 44985K [0x0000000081400000, 0x0000000089800000, 0x00000000d5c00000)
  object space 135168K, 33% used [0x0000000081400000,0x0000000083fee660,0x0000000089800000)
 Metaspace       used 65394K, capacity 66343K, committed 66480K, reserved 1107968K
  class space    used 8318K, capacity 8526K, committed 8624K, reserved 1048576K

Card table byte_map: [0x0000000012980000,0x0000000012d80000] byte_map_base: 0x0000000012576000

Marking Bits: (ParMarkBitMap*) 0x0000000068d7a5b0
 Begin Bits: [0x0000000013430000, 0x00000000153e0000)
 End Bits:   [0x00000000153e0000, 0x0000000017390000)

Polling page: 0x0000000003260000

CodeCache: size=245760Kb used=26694Kb max_used=27296Kb free=219065Kb
 bounds [0x00000000035c0000, 0x00000000050a0000, 0x00000000125c0000]
 total_blobs=7220 nmethods=6433 adapters=706
 compilation: enabled

Compilation events (10 events):
Event: 680.161 Thread 0x000000001816c000 7955       1       org.apache.tomcat.util.net.NioEndpoint::access$400 (5 bytes)
Event: 680.161 Thread 0x000000001816c000 nmethod 7955 0x0000000004f03450 code [0x0000000004f035a0, 0x0000000004f03690]
Event: 692.092 Thread 0x000000001816c000 7956       1       org.apache.tomcat.util.net.NioChannel::getPoller (5 bytes)
Event: 692.093 Thread 0x000000001816c000 nmethod 7956 0x0000000004f03190 code [0x0000000004f032e0, 0x0000000004f033f0]
Event: 693.223 Thread 0x000000001816b000 7957   !   4       sun.nio.ch.WindowsSelectorImpl$SubSelector::processFDSet (374 bytes)
Event: 693.241 Thread 0x000000001816b000 nmethod 7957 0x0000000004f34710 code [0x0000000004f34920, 0x0000000004f35fb0]
Event: 717.226 Thread 0x000000001816c000 7958       3       java.net.URI::access$2800 (4 bytes)
Event: 717.226 Thread 0x000000001816c000 nmethod 7958 0x0000000004f02e90 code [0x0000000004f02fe0, 0x0000000004f03110]
Event: 717.226 Thread 0x000000001816c000 7959       3       java.net.URI::access$2900 (4 bytes)
Event: 717.227 Thread 0x000000001816c000 nmethod 7959 0x0000000004f39b90 code [0x0000000004f39ce0, 0x0000000004f39e10]

GC Heap History (10 events):
Event: 27.634 GC heap before
{Heap before GC invocations=13 (full 2):
 PSYoungGen      total 277504K, used 267264K [0x00000000d5c00000, 0x00000000e7e00000, 0x0000000100000000)
  eden space 267264K, 100% used [0x00000000d5c00000,0x00000000e6100000,0x00000000e6100000)
  from space 10240K, 0% used [0x00000000e7400000,0x00000000e7400000,0x00000000e7e00000)
  to   space 14848K, 0% used [0x00000000e6100000,0x00000000e6100000,0x00000000e6f80000)
 ParOldGen       total 89088K, used 22230K [0x0000000081400000, 0x0000000086b00000, 0x00000000d5c00000)
  object space 89088K, 24% used [0x0000000081400000,0x00000000829b5ae0,0x0000000086b00000)
 Metaspace       used 47890K, capacity 48386K, committed 48816K, reserved 1091584K
  class space    used 6111K, capacity 6242K, committed 6320K, reserved 1048576K
Event: 27.658 GC heap after
Heap after GC invocations=13 (full 2):
 PSYoungGen      total 282112K, used 14828K [0x00000000d5c00000, 0x00000000ed480000, 0x0000000100000000)
  eden space 267264K, 0% used [0x00000000d5c00000,0x00000000d5c00000,0x00000000e6100000)
  from space 14848K, 99% used [0x00000000e6100000,0x00000000e6f7b3a0,0x00000000e6f80000)
  to   space 17920K, 0% used [0x00000000ec300000,0x00000000ec300000,0x00000000ed480000)
 ParOldGen       total 89088K, used 25636K [0x0000000081400000, 0x0000000086b00000, 0x00000000d5c00000)
  object space 89088K, 28% used [0x0000000081400000,0x0000000082d09190,0x0000000086b00000)
 Metaspace       used 47890K, capacity 48386K, committed 48816K, reserved 1091584K
  class space    used 6111K, capacity 6242K, committed 6320K, reserved 1048576K
}
Event: 34.290 GC heap before
{Heap before GC invocations=14 (full 2):
 PSYoungGen      total 282112K, used 282092K [0x00000000d5c00000, 0x00000000ed480000, 0x0000000100000000)
  eden space 267264K, 100% used [0x00000000d5c00000,0x00000000e6100000,0x00000000e6100000)
  from space 14848K, 99% used [0x00000000e6100000,0x00000000e6f7b3a0,0x00000000e6f80000)
  to   space 17920K, 0% used [0x00000000ec300000,0x00000000ec300000,0x00000000ed480000)
 ParOldGen       total 89088K, used 25636K [0x0000000081400000, 0x0000000086b00000, 0x00000000d5c00000)
  object space 89088K, 28% used [0x0000000081400000,0x0000000082d09190,0x0000000086b00000)
 Metaspace       used 51617K, capacity 52186K, committed 52656K, reserved 1095680K
  class space    used 6620K, capacity 6742K, committed 6832K, reserved 1048576K
Event: 34.330 GC heap after
Heap after GC invocations=14 (full 2):
 PSYoungGen      total 358400K, used 11766K [0x00000000d5c00000, 0x00000000ed000000, 0x0000000100000000)
  eden space 345088K, 0% used [0x00000000d5c00000,0x00000000d5c00000,0x00000000ead00000)
  from space 13312K, 88% used [0x00000000ec300000,0x00000000ece7d958,0x00000000ed000000)
  to   space 17920K, 0% used [0x00000000ead00000,0x00000000ead00000,0x00000000ebe80000)
 ParOldGen       total 89088K, used 34732K [0x0000000081400000, 0x0000000086b00000, 0x00000000d5c00000)
  object space 89088K, 38% used [0x0000000081400000,0x00000000835eb038,0x0000000086b00000)
 Metaspace       used 51617K, capacity 52186K, committed 52656K, reserved 1095680K
  class space    used 6620K, capacity 6742K, committed 6832K, reserved 1048576K
}
Event: 41.841 GC heap before
{Heap before GC invocations=15 (full 2):
 PSYoungGen      total 358400K, used 356854K [0x00000000d5c00000, 0x00000000ed000000, 0x0000000100000000)
  eden space 345088K, 100% used [0x00000000d5c00000,0x00000000ead00000,0x00000000ead00000)
  from space 13312K, 88% used [0x00000000ec300000,0x00000000ece7d958,0x00000000ed000000)
  to   space 17920K, 0% used [0x00000000ead00000,0x00000000ead00000,0x00000000ebe80000)
 ParOldGen       total 89088K, used 34732K [0x0000000081400000, 0x0000000086b00000, 0x00000000d5c00000)
  object space 89088K, 38% used [0x0000000081400000,0x00000000835eb038,0x0000000086b00000)
 Metaspace       used 57749K, capacity 58480K, committed 58800K, reserved 1099776K
  class space    used 7355K, capacity 7513K, committed 7600K, reserved 1048576K
Event: 41.891 GC heap after
Heap after GC invocations=15 (full 2):
 PSYoungGen      total 363008K, used 17605K [0x00000000d5c00000, 0x00000000f3380000, 0x0000000100000000)
  eden space 345088K, 0% used [0x00000000d5c00000,0x00000000d5c00000,0x00000000ead00000)
  from space 17920K, 98% used [0x00000000ead00000,0x00000000ebe31620,0x00000000ebe80000)
  to   space 20480K, 0% used [0x00000000f1f80000,0x00000000f1f80000,0x00000000f3380000)
 ParOldGen       total 89088K, used 43394K [0x0000000081400000, 0x0000000086b00000, 0x00000000d5c00000)
  object space 89088K, 48% used [0x0000000081400000,0x0000000083e60b80,0x0000000086b00000)
 Metaspace       used 57749K, capacity 58480K, committed 58800K, reserved 1099776K
  class space    used 7355K, capacity 7513K, committed 7600K, reserved 1048576K
}
Event: 44.066 GC heap before
{Heap before GC invocations=16 (full 2):
 PSYoungGen      total 363008K, used 100237K [0x00000000d5c00000, 0x00000000f3380000, 0x0000000100000000)
  eden space 345088K, 23% used [0x00000000d5c00000,0x00000000dacb2028,0x00000000ead00000)
  from space 17920K, 98% used [0x00000000ead00000,0x00000000ebe31620,0x00000000ebe80000)
  to   space 20480K, 0% used [0x00000000f1f80000,0x00000000f1f80000,0x00000000f3380000)
 ParOldGen       total 89088K, used 43394K [0x0000000081400000, 0x0000000086b00000, 0x00000000d5c00000)
  object space 89088K, 48% used [0x0000000081400000,0x0000000083e60b80,0x0000000086b00000)
 Metaspace       used 58219K, capacity 59064K, committed 59160K, reserved 1101824K
  class space    used 7398K, capacity 7573K, committed 7600K, reserved 1048576K
Event: 44.100 GC heap after
Heap after GC invocations=16 (full 2):
 PSYoungGen      total 462336K, used 12992K [0x00000000d5c00000, 0x00000000f3c80000, 0x0000000100000000)
  eden space 441856K, 0% used [0x00000000d5c00000,0x00000000d5c00000,0x00000000f0b80000)
  from space 20480K, 63% used [0x00000000f1f80000,0x00000000f2c30010,0x00000000f3380000)
  to   space 20480K, 0% used [0x00000000f0b80000,0x00000000f0b80000,0x00000000f1f80000)
 ParOldGen       total 89088K, used 43394K [0x0000000081400000, 0x0000000086b00000, 0x00000000d5c00000)
  object space 89088K, 48% used [0x0000000081400000,0x0000000083e60b80,0x0000000086b00000)
 Metaspace       used 58219K, capacity 59064K, committed 59160K, reserved 1101824K
  class space    used 7398K, capacity 7573K, committed 7600K, reserved 1048576K
}
Event: 44.100 GC heap before
{Heap before GC invocations=17 (full 3):
 PSYoungGen      total 462336K, used 12992K [0x00000000d5c00000, 0x00000000f3c80000, 0x0000000100000000)
  eden space 441856K, 0% used [0x00000000d5c00000,0x00000000d5c00000,0x00000000f0b80000)
  from space 20480K, 63% used [0x00000000f1f80000,0x00000000f2c30010,0x00000000f3380000)
  to   space 20480K, 0% used [0x00000000f0b80000,0x00000000f0b80000,0x00000000f1f80000)
 ParOldGen       total 89088K, used 43394K [0x0000000081400000, 0x0000000086b00000, 0x00000000d5c00000)
  object space 89088K, 48% used [0x0000000081400000,0x0000000083e60b80,0x0000000086b00000)
 Metaspace       used 58219K, capacity 59064K, committed 59160K, reserved 1101824K
  class space    used 7398K, capacity 7573K, committed 7600K, reserved 1048576K
Event: 44.530 GC heap after
Heap after GC invocations=17 (full 3):
 PSYoungGen      total 462336K, used 0K [0x00000000d5c00000, 0x00000000f3c80000, 0x0000000100000000)
  eden space 441856K, 0% used [0x00000000d5c00000,0x00000000d5c00000,0x00000000f0b80000)
  from space 20480K, 0% used [0x00000000f1f80000,0x00000000f1f80000,0x00000000f3380000)
  to   space 20480K, 0% used [0x00000000f0b80000,0x00000000f0b80000,0x00000000f1f80000)
 ParOldGen       total 135168K, used 44985K [0x0000000081400000, 0x0000000089800000, 0x00000000d5c00000)
  object space 135168K, 33% used [0x0000000081400000,0x0000000083fee660,0x0000000089800000)
 Metaspace       used 58219K, capacity 59064K, committed 59160K, reserved 1101824K
  class space    used 7398K, capacity 7573K, committed 7600K, reserved 1048576K
}

Deoptimization events (10 events):
Event: 631.707 Thread 0x000000001b79b000 Uncommon trap: reason=unhandled action=none pc=0x000000000381f45c method=java.net.URLClassLoader.findClass(Ljava/lang/String;)Ljava/lang/Class; @ 44
Event: 631.708 Thread 0x000000001b79b000 Uncommon trap: reason=unhandled action=none pc=0x000000000381f45c method=java.net.URLClassLoader.findClass(Ljava/lang/String;)Ljava/lang/Class; @ 44
Event: 631.708 Thread 0x000000001b79b000 Uncommon trap: reason=unhandled action=none pc=0x000000000381f45c method=java.net.URLClassLoader.findClass(Ljava/lang/String;)Ljava/lang/Class; @ 44
Event: 631.708 Thread 0x000000001b79b000 Uncommon trap: reason=unhandled action=none pc=0x000000000381f45c method=java.net.URLClassLoader.findClass(Ljava/lang/String;)Ljava/lang/Class; @ 44
Event: 631.709 Thread 0x000000001b79b000 Uncommon trap: reason=unhandled action=none pc=0x000000000381f45c method=java.net.URLClassLoader.findClass(Ljava/lang/String;)Ljava/lang/Class; @ 44
Event: 631.709 Thread 0x000000001b79b000 Uncommon trap: reason=unhandled action=none pc=0x000000000381f45c method=java.net.URLClassLoader.findClass(Ljava/lang/String;)Ljava/lang/Class; @ 44
Event: 631.709 Thread 0x000000001b79b000 Uncommon trap: reason=unhandled action=none pc=0x000000000381f45c method=java.net.URLClassLoader.findClass(Ljava/lang/String;)Ljava/lang/Class; @ 44
Event: 631.710 Thread 0x000000001b79b000 Uncommon trap: reason=unhandled action=none pc=0x000000000381f45c method=java.net.URLClassLoader.findClass(Ljava/lang/String;)Ljava/lang/Class; @ 44
Event: 631.710 Thread 0x000000001b79b000 Uncommon trap: reason=unhandled action=none pc=0x000000000381f45c method=java.net.URLClassLoader.findClass(Ljava/lang/String;)Ljava/lang/Class; @ 44
Event: 631.710 Thread 0x000000001b79b000 Uncommon trap: reason=unhandled action=none pc=0x000000000381f45c method=java.net.URLClassLoader.findClass(Ljava/lang/String;)Ljava/lang/Class; @ 44

Internal exceptions (10 events):
Event: 548.863 Thread 0x000000001b796800 Exception <a 'java/lang/ClassNotFoundException': com/springapp/models/base/EntityBaseBeanInfo> (0x00000000dafed750) thrown at [C:\workspace\8-2-build-windows-amd64-cygwin\jdk8u65\4987\hotspot\src\share\vm\classfile\systemDictionary.cpp, line 210]
Event: 548.866 Thread 0x000000001b796800 Exception <a 'java/lang/ClassNotFoundException': com/springapp/models/base/EntityBaseCustomizer> (0x00000000db00e5f0) thrown at [C:\workspace\8-2-build-windows-amd64-cygwin\jdk8u65\4987\hotspot\src\share\vm\classfile\systemDictionary.cpp, line 210]
Event: 548.868 Thread 0x000000001b796800 Exception <a 'java/lang/ClassNotFoundException': com/springapp/models/UserCustomizer> (0x00000000db02d798) thrown at [C:\workspace\8-2-build-windows-amd64-cygwin\jdk8u65\4987\hotspot\src\share\vm\classfile\systemDictionary.cpp, line 210]
Event: 548.870 Thread 0x000000001b796800 Exception <a 'java/lang/ClassNotFoundException': com/springapp/models/TeacherCustomizer> (0x00000000deb4d748) thrown at [C:\workspace\8-2-build-windows-amd64-cygwin\jdk8u65\4987\hotspot\src\share\vm\classfile\systemDictionary.cpp, line 210]
Event: 627.505 Thread 0x000000001b792000 Exception <a 'java/lang/ClassNotFoundException': com/springapp/models/TeacherBeanInfo> (0x00000000dc34da10) thrown at [C:\workspace\8-2-build-windows-amd64-cygwin\jdk8u65\4987\hotspot\src\share\vm\classfile\systemDictionary.cpp, line 210]
Event: 627.507 Thread 0x000000001b792000 Exception <a 'java/lang/ClassNotFoundException': com/springapp/models/UserBeanInfo> (0x00000000dc369310) thrown at [C:\workspace\8-2-build-windows-amd64-cygwin\jdk8u65\4987\hotspot\src\share\vm\classfile\systemDictionary.cpp, line 210]
Event: 627.510 Thread 0x000000001b792000 Exception <a 'java/lang/ClassNotFoundException': com/springapp/models/base/EntityBaseBeanInfo> (0x00000000dc389c00) thrown at [C:\workspace\8-2-build-windows-amd64-cygwin\jdk8u65\4987\hotspot\src\share\vm\classfile\systemDictionary.cpp, line 210]
Event: 627.513 Thread 0x000000001b792000 Exception <a 'java/lang/ClassNotFoundException': com/springapp/models/base/EntityBaseCustomizer> (0x00000000dc3aae88) thrown at [C:\workspace\8-2-build-windows-amd64-cygwin\jdk8u65\4987\hotspot\src\share\vm\classfile\systemDictionary.cpp, line 210]
Event: 627.516 Thread 0x000000001b792000 Exception <a 'java/lang/ClassNotFoundException': com/springapp/models/UserCustomizer> (0x00000000dc3ca3f0) thrown at [C:\workspace\8-2-build-windows-amd64-cygwin\jdk8u65\4987\hotspot\src\share\vm\classfile\systemDictionary.cpp, line 210]
Event: 627.518 Thread 0x000000001b792000 Exception <a 'java/lang/ClassNotFoundException': com/springapp/models/TeacherCustomizer> (0x00000000dc3ef8f8) thrown at [C:\workspace\8-2-build-windows-amd64-cygwin\jdk8u65\4987\hotspot\src\share\vm\classfile\systemDictionary.cpp, line 210]

Events (10 events):
Event: 631.710 Thread 0x000000001b79b000 DEOPT UNPACKING pc=0x000000000360787f sp=0x000000002a8bad08 mode 1
Event: 631.710 Thread 0x000000001b79b000 Uncommon trap: trap_request=0xffffffa7 fr.pc=0x000000000381f45c
Event: 631.710 Thread 0x000000001b79b000 DEOPT PACKING pc=0x000000000381f45c sp=0x000000002a8ba8b0
Event: 631.710 Thread 0x000000001b79b000 DEOPT UNPACKING pc=0x000000000360582a sp=0x000000002a8ba838 mode 2
Event: 631.711 Thread 0x000000001b79b000 DEOPT PACKING pc=0x0000000004fb8d18 sp=0x000000002a8ba950
Event: 631.711 Thread 0x000000001b79b000 DEOPT UNPACKING pc=0x000000000360787f sp=0x000000002a8ba6b8 mode 1
Event: 692.216 Executing VM operation: RevokeBias
Event: 692.216 Executing VM operation: RevokeBias done
Event: 763.257 Executing VM operation: RedefineClasses
Event: 763.349 Executing VM operation: RedefineClasses done


Dynamic libraries:
0x00007ff6eacc0000 - 0x00007ff6eacf7000 	C:\Program Files\Java\jdk1.8.0_65\bin\javaw.exe
0x00007ffe93270000 - 0x00007ffe93441000 	C:\WINDOWS\SYSTEM32\ntdll.dll
0x00007ffe926c0000 - 0x00007ffe9276b000 	C:\WINDOWS\System32\KERNEL32.DLL
0x00007ffe8f760000 - 0x00007ffe8f97d000 	C:\WINDOWS\System32\KERNELBASE.dll
0x00007ffe8f440000 - 0x00007ffe8f50a000 	C:\Windows\system32\guard64.dll
0x00007ffe92de0000 - 0x00007ffe92f45000 	C:\WINDOWS\System32\USER32.dll
0x00007ffe8faa0000 - 0x00007ffe8fabe000 	C:\WINDOWS\System32\win32u.dll
0x00007ffe925c0000 - 0x00007ffe925f4000 	C:\WINDOWS\System32\GDI32.dll
0x00007ffe8fee0000 - 0x00007ffe90062000 	C:\WINDOWS\System32\gdi32full.dll
0x00007ffe92180000 - 0x00007ffe92222000 	C:\WINDOWS\System32\ADVAPI32.dll
0x00007ffe92d40000 - 0x00007ffe92dde000 	C:\WINDOWS\System32\msvcrt.dll
0x00007ffe92390000 - 0x00007ffe923e9000 	C:\WINDOWS\System32\sechost.dll
0x00007ffe92f50000 - 0x00007ffe93071000 	C:\WINDOWS\System32\RPCRT4.dll
0x00007ffe923f0000 - 0x00007ffe92442000 	C:\WINDOWS\System32\SHLWAPI.dll
0x00007ffe90860000 - 0x00007ffe90b28000 	C:\WINDOWS\System32\combase.dll
0x00007ffe8fb60000 - 0x00007ffe8fc55000 	C:\WINDOWS\System32\ucrtbase.dll
0x00007ffe8f9d0000 - 0x00007ffe8fa3a000 	C:\WINDOWS\System32\bcryptPrimitives.dll
0x00007ffe93260000 - 0x00007ffe93268000 	C:\WINDOWS\System32\PSAPI.DLL
0x00007ffe922c0000 - 0x00007ffe922ee000 	C:\WINDOWS\System32\IMM32.DLL
0x00007ffe8f430000 - 0x00007ffe8f43a000 	C:\WINDOWS\system32\version.dll
0x00007ffe90b30000 - 0x00007ffe90c67000 	C:\WINDOWS\System32\ole32.dll
0x00007ffe8f420000 - 0x00007ffe8f42a000 	C:\WINDOWS\system32\fltlib.dll
0x00007ffe8f3e0000 - 0x00007ffe8f412000 	C:\WINDOWS\SYSTEM32\ntmarta.dll
0x00007ffe80bd0000 - 0x00007ffe80e49000 	C:\WINDOWS\WinSxS\amd64_microsoft.windows.common-controls_6595b64144ccf1df_6.0.14393.447_none_42191651c6827bb3\COMCTL32.dll
0x0000000069da0000 - 0x0000000069e72000 	C:\Program Files\Java\jdk1.8.0_65\jre\bin\msvcr100.dll
0x0000000068570000 - 0x0000000068df9000 	C:\Program Files\Java\jdk1.8.0_65\jre\bin\server\jvm.dll
0x00007ffe7fe60000 - 0x00007ffe7fe69000 	C:\WINDOWS\SYSTEM32\WSOCK32.dll
0x0000000003290000 - 0x00000000032fa000 	C:\WINDOWS\System32\WS2_32.dll
0x00007ffe8d760000 - 0x00007ffe8d783000 	C:\WINDOWS\SYSTEM32\WINMM.dll
0x00007ffe8d6f0000 - 0x00007ffe8d71b000 	C:\WINDOWS\SYSTEM32\WINMMBASE.dll
0x0000000003210000 - 0x0000000003252000 	C:\WINDOWS\System32\cfgmgr32.dll
0x0000000069d90000 - 0x0000000069d9f000 	C:\Program Files\Java\jdk1.8.0_65\jre\bin\verify.dll
0x0000000069d60000 - 0x0000000069d89000 	C:\Program Files\Java\jdk1.8.0_65\jre\bin\java.dll
0x0000000069d20000 - 0x0000000069d55000 	C:\Program Files\Java\jdk1.8.0_65\jre\bin\jdwp.dll
0x0000000069d10000 - 0x0000000069d18000 	C:\Program Files\Java\jdk1.8.0_65\jre\bin\npt.dll
0x0000000069cf0000 - 0x0000000069d06000 	C:\Program Files\Java\jdk1.8.0_65\jre\bin\zip.dll
0x00007ffe90c70000 - 0x00007ffe92179000 	C:\WINDOWS\System32\SHELL32.dll
0x00007ffe90070000 - 0x00007ffe9074a000 	C:\WINDOWS\System32\windows.storage.dll
0x0000000019590000 - 0x00000000195dc000 	C:\WINDOWS\System32\powrprof.dll
0x00007ffe8f6d0000 - 0x00007ffe8f6df000 	C:\WINDOWS\System32\kernel.appcore.dll
0x00007ffe90750000 - 0x00007ffe907f9000 	C:\WINDOWS\System32\shcore.dll
0x00007ffe8f6e0000 - 0x00007ffe8f6f4000 	C:\WINDOWS\System32\profapi.dll
0x0000000069ce0000 - 0x0000000069ce9000 	C:\Program Files\Java\jdk1.8.0_65\jre\bin\dt_socket.dll
0x00007ffe7f400000 - 0x00007ffe7f416000 	C:\WINDOWS\system32\napinsp.dll
0x00007ffe7f3e0000 - 0x00007ffe7f3fa000 	C:\WINDOWS\system32\pnrpnsp.dll
0x00007ffe89f50000 - 0x00007ffe89f68000 	C:\WINDOWS\system32\NLAapi.dll
0x00007ffe8ee70000 - 0x00007ffe8eecc000 	C:\WINDOWS\System32\mswsock.dll
0x00007ffe8ec50000 - 0x00007ffe8ecf0000 	C:\WINDOWS\SYSTEM32\DNSAPI.dll
0x00007ffe92450000 - 0x00007ffe92458000 	C:\WINDOWS\System32\NSI.dll
0x00007ffe8ec00000 - 0x00007ffe8ec38000 	C:\WINDOWS\SYSTEM32\IPHLPAPI.DLL
0x00007ffe7f370000 - 0x00007ffe7f37e000 	C:\WINDOWS\System32\winrnr.dll
0x00007ffe81670000 - 0x00007ffe81685000 	C:\WINDOWS\System32\wshbth.dll
0x00007ffe855e0000 - 0x00007ffe8564a000 	C:\WINDOWS\System32\fwpuclnt.dll
0x00007ffe8f610000 - 0x00007ffe8f63b000 	C:\WINDOWS\SYSTEM32\bcrypt.dll
0x00007ffe81d20000 - 0x00007ffe81d2a000 	C:\Windows\System32\rasadhlp.dll
0x0000000069cd0000 - 0x0000000069cdd000 	C:\Program Files\Java\jdk1.8.0_65\jre\bin\management.dll
0x0000000068550000 - 0x000000006856a000 	C:\Program Files\Java\jdk1.8.0_65\jre\bin\net.dll
0x0000000068530000 - 0x0000000068541000 	C:\Program Files\Java\jdk1.8.0_65\jre\bin\nio.dll
0x00007ffe8f010000 - 0x00007ffe8f027000 	C:\WINDOWS\SYSTEM32\CRYPTSP.dll
0x00007ffe8ea80000 - 0x00007ffe8eab3000 	C:\WINDOWS\system32\rsaenh.dll
0x00007ffe8ecf0000 - 0x00007ffe8ed0f000 	C:\WINDOWS\SYSTEM32\USERENV.dll
0x00007ffe8f030000 - 0x00007ffe8f03b000 	C:\WINDOWS\SYSTEM32\CRYPTBASE.dll
0x00007ffe89df0000 - 0x00007ffe89e06000 	C:\WINDOWS\SYSTEM32\dhcpcsvc6.DLL
0x00007ffe89d80000 - 0x00007ffe89d9a000 	C:\WINDOWS\SYSTEM32\dhcpcsvc.DLL
0x00007ffe89640000 - 0x00007ffe897d2000 	C:\WINDOWS\SYSTEM32\dbghelp.dll

VM Arguments:
jvm_args: -agentlib:jdwp=transport=dt_socket,suspend=y,address=localhost:63399 -Dcom.sun.management.jmxremote -Dcom.sun.management.jmxremote.port=63398 -Dcom.sun.management.jmxremote.authenticate=false -Dcom.sun.management.jmxremote.ssl=false -Dspring.liveBeansView.mbeanDomain -Dspring.application.admin.enabled=true -Dfile.encoding=Cp1252 
java_command: com.springapp.SpringAppApplication
java_class_path (initial): C:\Users\tactfactory\workspaceLuna\SpringApp\bin;C:\Users\tactfactory\.gradle\caches\modules-2\files-2.1\org.springframework.boot\spring-boot-starter-cache\1.4.3.RELEASE\d21f28851ec2b8da30a7d27a3f9e092ceb5b8f4b\spring-boot-starter-cache-1.4.3.RELEASE.jar;C:\Users\tactfactory\.gradle\caches\modules-2\files-2.1\org.springframework.boot\spring-boot-starter-cloud-connectors\1.4.3.RELEASE\76ac4653f8a84669c4ad73761d7582898ecf165e\spring-boot-starter-cloud-connectors-1.4.3.RELEASE.jar;C:\Users\tactfactory\.gradle\caches\modules-2\files-2.1\org.springframework.cloud\spring-cloud-starter-oauth2\1.1.3.RELEASE\3c744215759b8d13db252a44b020fcc36bdaed89\spring-cloud-starter-oauth2-1.1.3.RELEASE.jar;C:\Users\tactfactory\.gradle\caches\modules-2\files-2.1\org.springframework.cloud\spring-cloud-starter-security\1.1.3.RELEASE\658e55f8ff88c33a7d34a4cfbd603dc9b9360989\spring-cloud-starter-security-1.1.3.RELEASE.jar;C:\Users\tactfactory\.gradle\caches\modules-2\files-2.1\org.springframework.cloud\spring-cloud-starter\1.1.7.RELEASE\ea82f5a439ee46f5927b2b39a0d142cf7e2ea2a7\spring-cloud-starter-1.1.7.RELEASE.jar;C:\Users\tactfactory\.gradle\caches\modules-2\files-2.1\org.springframework.boot\spring-boot-starter-data-jpa\1.4.3.RELEASE\ffda06c2144d10239014407333c223a237b73ad7\spring-boot-starter-data-jpa-1.4.3.RELEASE.jar;C:\Users\tactfactory\.gradle\caches\modules-2\files-2.1\org.springframework.boot\spring-boot-starter-data-rest\1.4.3.RELEASE\f527f548c38f4a0ee282f7183d9f50e7fe49c6c4\spring-boot-starter-data-rest-1.4.3.RELEASE.jar;C:\Users\tactfactory\.gradle\caches\modules-2\files-2.1\org.springframework.data\spring-data-rest-hal-browser\2.5.6.RELEASE\9248c2c4868792dc07ab183d99fd36f036cae6bf\spring-data-rest-hal-browser-2.5.6.RELEASE.jar;C:\Users\tactfactory\.gradle\caches\modules-2\files-2.1\org.springframework.boot\spring-boot-starter-freemarker\1.4.3.RELEASE\e8719dfe6d4f19eb67e1cb8780060902f1635768\spring-boot-starter-freemarker-1.4.3.RELEASE.jar;C:\Users\ta
Launcher Type: SUN_STANDARD

Environment Variables:
JAVA_HOME=C:\Program Files\Java\jdk1.8.0_65
PATH=C:\Program Files\Java\jdk1.8.0_65\jre\bin;C:/Program Files/Java/jre1.8.0_77/bin/server;C:/Program Files/Java/jre1.8.0_77/bin;C:/Program Files/Java/jre1.8.0_77/lib/amd64;C:\Program Files\Microsoft MPI\Bin\;C:\ProgramData\Oracle\Java\javapath;C:\WINDOWS\system32;C:\WINDOWS;C:\WINDOWS\System32\Wbem;C:\WINDOWS\System32\WindowsPowerShell\v1.0\;C:\Program Files\Intel\WiFi\bin\;C:\Program Files\Common Files\Intel\WirelessCommon\;C:\Program Files\Git\cmd;C:\Program Files\Git\mingw64\bin;C:\Program Files\Git\usr\bin;C:\Users\tactfactory\.dnx\bin;C:\Program Files\Microsoft DNX\Dnvm\;C:\Program Files\Microsoft SQL Server\120\Tools\Binn\;C:\Program Files (x86)\Skype\Phone\;C:\ContinuousIntegration\gradle-2.10\bin;C:\Program Files\MongoDB\Server\3.2\bin;C:\Program Files (x86)\GtkSharp\2.12\bin;C:\Program Files (x86)\nodejs\;C:\Users\tactfactory\bin\wget-1.9.1\mingwPORT;C:\ProgramData\chocolatey\bin;C:\Program Files\Microsoft SQL Server\130\Tools\Binn\;C:\Program Files (x86)\Windows Kits\10\Windows Performance Toolkit\;C:\Program Files\OpenVPN\bin;C:\wamp64\bin\mysql\mysql5.7.11\bin;C:\wamp64\bin\apache\apache2.4.18\bin;C:\wamp64\bin\php\php5.6.19;C:\Program Files (x86)\Gource\cmd;C:\WINDOWS\system32;C:\WINDOWS;C:\WINDOWS\System32\Wbem;C:\WINDOWS\System32\WindowsPowerShell\v1.0\;C:\Program Files (x86)\Microsoft SQL Server\130\Tools\Binn\;C:\Program Files (x86)\Microsoft SQL Server\130\DTS\Binn\;C:\Program Files\Microsoft SQL Server\130\DTS\Binn\;C:\Program Files\Microsoft SQL Server\Client SDK\ODBC\130\Tools\Binn\;C:\Program Files\Java\jdk1.8.0_65\bin;C:\Program Files (x86)\Microsoft SQL Server\Client SDK\ODBC\130\Tools\Binn\;C:\Program Files (x86)\Microsoft SQL Server\130\Tools\Binn\ManagementStudio\;C:\Program Files\Intel\WiFi\bin\;C:\Program Files\Common Files\Intel\WirelessCommon\;C:\Users\tactfactory\AppData\Roaming\npm;%USERPROFILE%\AppData\Local\Microsoft\WindowsApps;;C:\Users\tactfactory\Documents\eclipse-java-luna-SR2-win32-x86_64\eclipse;
USERNAME=tactfactory
OS=Windows_NT
PROCESSOR_IDENTIFIER=Intel64 Family 6 Model 61 Stepping 4, GenuineIntel



---------------  S Y S T E M  ---------------

OS: Windows 10.0 , 64 bit Build 14393 (10.0.14393.0)

CPU:total 4 (2 cores per cpu, 2 threads per core) family 6 model 61 stepping 4, cmov, cx8, fxsr, mmx, sse, sse2, sse3, ssse3, sse4.1, sse4.2, popcnt, avx, avx2, aes, clmul, erms, 3dnowpref, lzcnt, ht, tsc, tscinvbit, bmi1, bmi2, adx

Memory: 4k page, physical 8303824k(3219640k free), swap 10462384k(2923852k free)

vm_info: Java HotSpot(TM) 64-Bit Server VM (25.65-b01) for windows-amd64 JRE (1.8.0_65-b17), built on Oct  6 2015 16:39:20 by "java_re" with MS VC++ 10.0 (VS2010)

time: Mon Jan 30 09:58:46 2017
elapsed time: 763 seconds (0d 0h 12m 43s)

